<?xml version="1.0" encoding="UTF-8"?>
<!-- Generated by org.testng.reporters.JUnitReportReporter -->
<testsuite skipped="0" hostname="ACLA022P2850" name="chromeTest3" tests="1" failures="0" timestamp="17 Sep 2019 09:37:32 GMT" time="12.734" errors="0">
  <testcase name="test3" time="12.734" classname="chromeTest3"/>
</testsuite> <!-- chromeTest3 -->
