<?xml version="1.0" encoding="UTF-8"?>
<!-- Generated by org.testng.reporters.JUnitReportReporter -->
<testsuite skipped="0" hostname="ACLA022P2850" name="chromeTest" tests="1" failures="0" timestamp="17 Sep 2019 09:37:32 GMT" time="15.459" errors="0">
  <testcase name="test1" time="15.459" classname="chromeTest"/>
</testsuite> <!-- chromeTest -->
