<?xml version="1.0" encoding="UTF-8"?>
<!-- Generated by org.testng.reporters.JUnitReportReporter -->
<testsuite skipped="0" hostname="ACLA022P2850" name="firefoxTest" tests="1" failures="0" timestamp="17 Sep 2019 09:37:32 GMT" time="27.810" errors="0">
  <testcase name="test4" time="27.810" classname="firefoxTest"/>
</testsuite> <!-- firefoxTest -->
