<?xml version="1.0" encoding="UTF-8"?>
<!-- Generated by org.testng.reporters.JUnitReportReporter -->
<testsuite skipped="0" hostname="ACLA022P2850" name="chromeTest" tests="1" failures="0" timestamp="17 Sep 2019 13:39:59 GMT" time="37.955" errors="0">
  <testcase name="test1" time="37.955" classname="chromeTest"/>
</testsuite> <!-- chromeTest -->
